<?xml version="1.0" encoding="UTF-8"?>
<testsuite xmlns:xsi="http://www.w3.org/2001/XMLSchema-instance" xsi:noNamespaceSchemaLocation="https://maven.apache.org/surefire/maven-surefire-plugin/xsd/surefire-test-report.xsd" name="br.com.gubee.interview.core.features.hero.HeroControllerTest" time="8.445" tests="11" errors="0" skipped="0" failures="0">
  <properties>
[...]
</properties>
  <testcase name="testEditHero_InvalidHeroOrId_ReturnsNotFoundResponse" classname="br.com.gubee.interview.core.features.hero.HeroControllerTest" time="7.756"/>
  <testcase name="testCompareHeroes_ValidRequest_ReturnsOkResponse" classname="br.com.gubee.interview.core.features.hero.HeroControllerTest" time="0.017"/>
  <testcase name="testDeleteHero_ValidId_ReturnsOkResponse" classname="br.com.gubee.interview.core.features.hero.HeroControllerTest" time="0.007"/>
  <testcase name="testGetHero_InvalidId_ReturnsNotFoundResponse" classname="br.com.gubee.interview.core.features.hero.HeroControllerTest" time="0.013"/>
  <testcase name="testGetHeroByName_InvalidName_ReturnsNotFoundResponse" classname="br.com.gubee.interview.core.features.hero.HeroControllerTest" time="0.018"/>
  <testcase name="testGetHeroByName_ValidName_ReturnsOkResponse" classname="br.com.gubee.interview.core.features.hero.HeroControllerTest" time="0.028"/>
  <testcase name="testGetHero_ValidId_ReturnsOkResponse" classname="br.com.gubee.interview.core.features.hero.HeroControllerTest" time="0.018"/>
  <testcase name="testCreateHero_ValidHero_ReturnsOkResponse" classname="br.com.gubee.interview.core.features.hero.HeroControllerTest" time="0.099"/>
  <testcase name="testDeleteHero_InvalidId_ReturnsNotFoundResponse" classname="br.com.gubee.interview.core.features.hero.HeroControllerTest" time="0.041"/>
  <testcase name="testCompareHeroes_InvalidRequest_ReturnsNotFoundResponse" classname="br.com.gubee.interview.core.features.hero.HeroControllerTest" time="0.118"/>
  <testcase name="testEditHero_ValidHeroAndId_ReturnsOkResponse" classname="br.com.gubee.interview.core.features.hero.HeroControllerTest" time="0.031"/>
</testsuite>